This is pdfTeX, Version 3.14159265-2.6-1.40.19 (TeX Live 2018) (preloaded format=pdflatex 2018.4.16)  10 FEB 2019 17:39
entering extended mode
 restricted \write18 enabled.
 file:line:error style messages enabled.
 %&-line parsing enabled.
**hw1.tex
(./hw1.tex
LaTeX2e <2018-04-01> patch level 2
Babel <3.18> and hyphenation patterns for 84 language(s) loaded.
(/usr/local/texlive/2018/texmf-dist/tex/latex/base/article.cls
Document Class: article 2014/09/29 v1.4h Standard LaTeX document class
(/usr/local/texlive/2018/texmf-dist/tex/latex/base/size12.clo
File: size12.clo 2014/09/29 v1.4h Standard LaTeX file (size option)
)
\c@part=\count80
\c@section=\count81
\c@subsection=\count82
\c@subsubsection=\count83
\c@paragraph=\count84
\c@subparagraph=\count85
\c@figure=\count86
\c@table=\count87
\abovecaptionskip=\skip41
\belowcaptionskip=\skip42
\bibindent=\dimen102
)
(/usr/local/texlive/2018/texmf-dist/tex/latex/setspace/setspace.sty
Package: setspace 2011/12/19 v6.7a set line spacing
)
(/usr/local/texlive/2018/texmf-dist/tex/latex/xcolor/xcolor.sty
Package: xcolor 2016/05/11 v2.12 LaTeX color extensions (UK)

(/usr/local/texlive/2018/texmf-dist/tex/latex/graphics-cfg/color.cfg
File: color.cfg 2016/01/02 v1.6 sample color configuration
)
Package xcolor Info: Driver file: pdftex.def on input line 225.

(/usr/local/texlive/2018/texmf-dist/tex/latex/graphics-def/pdftex.def
File: pdftex.def 2018/01/08 v1.0l Graphics/color driver for pdftex
)
Package xcolor Info: Model `cmy' substituted by `cmy0' on input line 1348.
Package xcolor Info: Model `hsb' substituted by `rgb' on input line 1352.
Package xcolor Info: Model `RGB' extended on input line 1364.
Package xcolor Info: Model `HTML' substituted by `rgb' on input line 1366.
Package xcolor Info: Model `Hsb' substituted by `hsb' on input line 1367.
Package xcolor Info: Model `tHsb' substituted by `hsb' on input line 1368.
Package xcolor Info: Model `HSB' substituted by `hsb' on input line 1369.
Package xcolor Info: Model `Gray' substituted by `gray' on input line 1370.
Package xcolor Info: Model `wave' substituted by `hsb' on input line 1371.
)
(/usr/local/texlive/2018/texmf-dist/tex/latex/graphics/graphicx.sty
Package: graphicx 2017/06/01 v1.1a Enhanced LaTeX Graphics (DPC,SPQR)

(/usr/local/texlive/2018/texmf-dist/tex/latex/graphics/keyval.sty
Package: keyval 2014/10/28 v1.15 key=value parser (DPC)
\KV@toks@=\toks14
)
(/usr/local/texlive/2018/texmf-dist/tex/latex/graphics/graphics.sty
Package: graphics 2017/06/25 v1.2c Standard LaTeX Graphics (DPC,SPQR)

(/usr/local/texlive/2018/texmf-dist/tex/latex/graphics/trig.sty
Package: trig 2016/01/03 v1.10 sin cos tan (DPC)
)
(/usr/local/texlive/2018/texmf-dist/tex/latex/graphics-cfg/graphics.cfg
File: graphics.cfg 2016/06/04 v1.11 sample graphics configuration
)
Package graphics Info: Driver file: pdftex.def on input line 99.
)
\Gin@req@height=\dimen103
\Gin@req@width=\dimen104
)
(/usr/local/texlive/2018/texmf-dist/tex/latex/geometry/geometry.sty
Package: geometry 2018/03/24 v5.7 Page Geometry

(/usr/local/texlive/2018/texmf-dist/tex/generic/oberdiek/ifpdf.sty
Package: ifpdf 2017/03/15 v3.2 Provides the ifpdf switch
)
(/usr/local/texlive/2018/texmf-dist/tex/generic/oberdiek/ifvtex.sty
Package: ifvtex 2016/05/16 v1.6 Detect VTeX and its facilities (HO)
Package ifvtex Info: VTeX not detected.
)
(/usr/local/texlive/2018/texmf-dist/tex/generic/ifxetex/ifxetex.sty
Package: ifxetex 2010/09/12 v0.6 Provides ifxetex conditional
)
\Gm@cnth=\count88
\Gm@cntv=\count89
\c@Gm@tempcnt=\count90
\Gm@bindingoffset=\dimen105
\Gm@wd@mp=\dimen106
\Gm@odd@mp=\dimen107
\Gm@even@mp=\dimen108
\Gm@layoutwidth=\dimen109
\Gm@layoutheight=\dimen110
\Gm@layouthoffset=\dimen111
\Gm@layoutvoffset=\dimen112
\Gm@dimlist=\toks15
)
(/usr/local/texlive/2018/texmf-dist/tex/latex/float/float.sty
Package: float 2001/11/08 v1.3d Float enhancements (AL)
\c@float@type=\count91
\float@exts=\toks16
\float@box=\box26
\@float@everytoks=\toks17
\@floatcapt=\box27
)
(/usr/local/texlive/2018/texmf-dist/tex/latex/titlesec/titlesec.sty
Package: titlesec 2016/03/21 v2.10.2 Sectioning titles
\ttl@box=\box28
\beforetitleunit=\skip43
\aftertitleunit=\skip44
\ttl@plus=\dimen113
\ttl@minus=\dimen114
\ttl@toksa=\toks18
\titlewidth=\dimen115
\titlewidthlast=\dimen116
\titlewidthfirst=\dimen117
)
(/usr/local/texlive/2018/texmf-dist/tex/latex/subfigure/subfigure.sty
Package: subfigure 2002/03/15 v2.1.5 subfigure package
\subfigtopskip=\skip45
\subfigcapskip=\skip46
\subfigcaptopadj=\dimen118
\subfigbottomskip=\skip47
\subfigcapmargin=\dimen119
\subfiglabelskip=\skip48
\c@subfigure=\count92
\c@lofdepth=\count93
\c@subtable=\count94
\c@lotdepth=\count95

****************************************
* Local config file subfigure.cfg used *
****************************************
(/usr/local/texlive/2018/texmf-dist/tex/latex/subfigure/subfigure.cfg)
\subfig@top=\skip49
\subfig@bottom=\skip50
)
(/usr/local/texlive/2018/texmf-dist/tex/latex/caption/caption.sty
Package: caption 2016/02/21 v3.3-144 Customizing captions (AR)

(/usr/local/texlive/2018/texmf-dist/tex/latex/caption/caption3.sty
Package: caption3 2016/05/22 v1.7-166 caption3 kernel (AR)
Package caption3 Info: TeX engine: e-TeX on input line 67.
\captionmargin=\dimen120
\captionmargin@=\dimen121
\captionwidth=\dimen122
\caption@tempdima=\dimen123
\caption@indent=\dimen124
\caption@parindent=\dimen125
\caption@hangindent=\dimen126
)
\c@ContinuedFloat=\count96
Package caption Info: float package is loaded.
Package caption Info: subfigure package is loaded.
)
Package caption Info: We need package `newfloat' on input line 12.

(/usr/local/texlive/2018/texmf-dist/tex/latex/caption/newfloat.sty
Package: newfloat 2015/09/17 v1.1-109 Defining new floating environments (AR)
)
(/usr/local/texlive/2018/texmf-dist/tex/latex/amsmath/amsmath.sty
Package: amsmath 2017/09/02 v2.17a AMS math features
\@mathmargin=\skip51

For additional information on amsmath, use the `?' option.
(/usr/local/texlive/2018/texmf-dist/tex/latex/amsmath/amstext.sty
Package: amstext 2000/06/29 v2.01 AMS text

(/usr/local/texlive/2018/texmf-dist/tex/latex/amsmath/amsgen.sty
File: amsgen.sty 1999/11/30 v2.0 generic functions
\@emptytoks=\toks19
\ex@=\dimen127
))
(/usr/local/texlive/2018/texmf-dist/tex/latex/amsmath/amsbsy.sty
Package: amsbsy 1999/11/29 v1.2d Bold Symbols
\pmbraise@=\dimen128
)
(/usr/local/texlive/2018/texmf-dist/tex/latex/amsmath/amsopn.sty
Package: amsopn 2016/03/08 v2.02 operator names
)
\inf@bad=\count97
LaTeX Info: Redefining \frac on input line 213.
\uproot@=\count98
\leftroot@=\count99
LaTeX Info: Redefining \overline on input line 375.
\classnum@=\count100
\DOTSCASE@=\count101
LaTeX Info: Redefining \ldots on input line 472.
LaTeX Info: Redefining \dots on input line 475.
LaTeX Info: Redefining \cdots on input line 596.
\Mathstrutbox@=\box29
\strutbox@=\box30
\big@size=\dimen129
LaTeX Font Info:    Redeclaring font encoding OML on input line 712.
LaTeX Font Info:    Redeclaring font encoding OMS on input line 713.
\macc@depth=\count102
\c@MaxMatrixCols=\count103
\dotsspace@=\muskip10
\c@parentequation=\count104
\dspbrk@lvl=\count105
\tag@help=\toks20
\row@=\count106
\column@=\count107
\maxfields@=\count108
\andhelp@=\toks21
\eqnshift@=\dimen130
\alignsep@=\dimen131
\tagshift@=\dimen132
\tagwidth@=\dimen133
\totwidth@=\dimen134
\lineht@=\dimen135
\@envbody=\toks22
\multlinegap=\skip52
\multlinetaggap=\skip53
\mathdisplay@stack=\toks23
LaTeX Info: Redefining \[ on input line 2817.
LaTeX Info: Redefining \] on input line 2818.
)
(/usr/local/texlive/2018/texmf-dist/tex/latex/enumitem/enumitem.sty
Package: enumitem 2011/09/28 v3.5.2 Customized lists
\labelindent=\skip54
\enit@outerparindent=\dimen136
\enit@toks=\toks24
\enit@inbox=\box31
\enitdp@description=\count109
)
(/usr/local/texlive/2018/texmf-dist/tex/latex/amsfonts/amssymb.sty
Package: amssymb 2013/01/14 v3.01 AMS font symbols

(/usr/local/texlive/2018/texmf-dist/tex/latex/amsfonts/amsfonts.sty
Package: amsfonts 2013/01/14 v3.01 Basic AMSFonts support
\symAMSa=\mathgroup4
\symAMSb=\mathgroup5
LaTeX Font Info:    Overwriting math alphabet `\mathfrak' in version `bold'
(Font)                  U/euf/m/n --> U/euf/b/n on input line 106.
))
(/usr/local/texlive/2018/texmf-dist/tex/latex/jknapltx/mathrsfs.sty
Package: mathrsfs 1996/01/01 Math RSFS package v1.0 (jk)
\symrsfs=\mathgroup6
) (./hw1.aux)
\openout1 = `hw1.aux'.

LaTeX Font Info:    Checking defaults for OML/cmm/m/it on input line 19.
LaTeX Font Info:    ... okay on input line 19.
LaTeX Font Info:    Checking defaults for T1/cmr/m/n on input line 19.
LaTeX Font Info:    ... okay on input line 19.
LaTeX Font Info:    Checking defaults for OT1/cmr/m/n on input line 19.
LaTeX Font Info:    ... okay on input line 19.
LaTeX Font Info:    Checking defaults for OMS/cmsy/m/n on input line 19.
LaTeX Font Info:    ... okay on input line 19.
LaTeX Font Info:    Checking defaults for OMX/cmex/m/n on input line 19.
LaTeX Font Info:    ... okay on input line 19.
LaTeX Font Info:    Checking defaults for U/cmr/m/n on input line 19.
LaTeX Font Info:    ... okay on input line 19.
 (/usr/local/texlive/2018/texmf-dist/tex/context/base/mkii/supp-pdf.mkii
[Loading MPS to PDF converter (version 2006.09.02).]
\scratchcounter=\count110
\scratchdimen=\dimen137
\scratchbox=\box32
\nofMPsegments=\count111
\nofMParguments=\count112
\everyMPshowfont=\toks25
\MPscratchCnt=\count113
\MPscratchDim=\dimen138
\MPnumerator=\count114
\makeMPintoPDFobject=\count115
\everyMPtoPDFconversion=\toks26
) (/usr/local/texlive/2018/texmf-dist/tex/latex/oberdiek/epstopdf-base.sty
Package: epstopdf-base 2016/05/15 v2.6 Base part for package epstopdf

(/usr/local/texlive/2018/texmf-dist/tex/generic/oberdiek/infwarerr.sty
Package: infwarerr 2016/05/16 v1.4 Providing info/warning/error messages (HO)
)
(/usr/local/texlive/2018/texmf-dist/tex/latex/oberdiek/grfext.sty
Package: grfext 2016/05/16 v1.2 Manage graphics extensions (HO)

(/usr/local/texlive/2018/texmf-dist/tex/generic/oberdiek/kvdefinekeys.sty
Package: kvdefinekeys 2016/05/16 v1.4 Define keys (HO)

(/usr/local/texlive/2018/texmf-dist/tex/generic/oberdiek/ltxcmds.sty
Package: ltxcmds 2016/05/16 v1.23 LaTeX kernel commands for general use (HO)
)))
(/usr/local/texlive/2018/texmf-dist/tex/latex/oberdiek/kvoptions.sty
Package: kvoptions 2016/05/16 v3.12 Key value format for package options (HO)

(/usr/local/texlive/2018/texmf-dist/tex/generic/oberdiek/kvsetkeys.sty
Package: kvsetkeys 2016/05/16 v1.17 Key value parser (HO)

(/usr/local/texlive/2018/texmf-dist/tex/generic/oberdiek/etexcmds.sty
Package: etexcmds 2016/05/16 v1.6 Avoid name clashes with e-TeX commands (HO)

(/usr/local/texlive/2018/texmf-dist/tex/generic/oberdiek/ifluatex.sty
Package: ifluatex 2016/05/16 v1.4 Provides the ifluatex switch (HO)
Package ifluatex Info: LuaTeX not detected.
)
Package etexcmds Info: Could not find \expanded.
(etexcmds)             That can mean that you are not using pdfTeX 1.50 or
(etexcmds)             that some package has redefined \expanded.
(etexcmds)             In the latter case, load this package earlier.
)))
(/usr/local/texlive/2018/texmf-dist/tex/generic/oberdiek/pdftexcmds.sty
Package: pdftexcmds 2018/01/30 v0.27 Utility functions of pdfTeX for LuaTeX (HO
)
Package pdftexcmds Info: LuaTeX not detected.
Package pdftexcmds Info: \pdf@primitive is available.
Package pdftexcmds Info: \pdf@ifprimitive is available.
Package pdftexcmds Info: \pdfdraftmode found.
)
Package epstopdf-base Info: Redefining graphics rule for `.eps' on input line 4
38.
Package grfext Info: Graphics extension search list:
(grfext)             [.pdf,.png,.jpg,.mps,.jpeg,.jbig2,.jb2,.PDF,.PNG,.JPG,.JPE
G,.JBIG2,.JB2,.eps]
(grfext)             \AppendGraphicsExtensions on input line 456.

(/usr/local/texlive/2018/texmf-dist/tex/latex/latexconfig/epstopdf-sys.cfg
File: epstopdf-sys.cfg 2010/07/13 v1.3 Configuration of (r)epstopdf for TeX Liv
e
))
*geometry* driver: auto-detecting
*geometry* detected driver: pdftex
*geometry* verbose mode - [ preamble ] result:
* driver: pdftex
* paper: a4paper
* layout: <same size as paper>
* layoutoffset:(h,v)=(0.0pt,0.0pt)
* modes: 
* h-part:(L,W,R)=(89.62709pt, 418.25368pt, 89.6271pt)
* v-part:(T,H,B)=(101.40665pt, 591.5302pt, 152.11pt)
* \paperwidth=597.50787pt
* \paperheight=845.04684pt
* \textwidth=418.25368pt
* \textheight=591.5302pt
* \oddsidemargin=17.3571pt
* \evensidemargin=17.3571pt
* \topmargin=-7.86334pt
* \headheight=12.0pt
* \headsep=25.0pt
* \topskip=12.0pt
* \footskip=30.0pt
* \marginparwidth=35.0pt
* \marginparsep=10.0pt
* \columnsep=10.0pt
* \skip\footins=10.8pt plus 4.0pt minus 2.0pt
* \hoffset=0.0pt
* \voffset=0.0pt
* \mag=1000
* \@twocolumnfalse
* \@twosidefalse
* \@mparswitchfalse
* \@reversemarginfalse
* (1in=72.27pt=25.4mm, 1cm=28.453pt)

Package caption Info: Begin \AtBeginDocument code.
Package caption Info: End \AtBeginDocument code.
LaTeX Font Info:    Try loading font information for U+msa on input line 23.
(/usr/local/texlive/2018/texmf-dist/tex/latex/amsfonts/umsa.fd
File: umsa.fd 2013/01/14 v3.01 AMS symbols A
)
LaTeX Font Info:    Try loading font information for U+msb on input line 23.

(/usr/local/texlive/2018/texmf-dist/tex/latex/amsfonts/umsb.fd
File: umsb.fd 2013/01/14 v3.01 AMS symbols B
)
LaTeX Font Info:    Try loading font information for U+rsfs on input line 23.

(/usr/local/texlive/2018/texmf-dist/tex/latex/jknapltx/ursfs.fd
File: ursfs.fd 1998/03/24 rsfs font definition file (jk)
)
LaTeX Font Info:    Try loading font information for OMS+cmr on input line 27.

(/usr/local/texlive/2018/texmf-dist/tex/latex/base/omscmr.fd
File: omscmr.fd 2014/09/29 v2.5h Standard LaTeX font definitions
)
LaTeX Font Info:    Font shape `OMS/cmr/m/n' in size <12> not available
(Font)              Font shape `OMS/cmsy/m/n' tried instead on input line 27.
Package epstopdf Info: Source file: <1_1.eps>
(epstopdf)                    date: 2019-02-09 14:24:53
(epstopdf)                    size: 101828 bytes
(epstopdf)             Output file: <1_1-eps-converted-to.pdf>
(epstopdf)                    date: 2019-02-10 12:46:59
(epstopdf)                    size: 25693 bytes
(epstopdf)             Command: <repstopdf --outfile=1_1-eps-converted-to.pdf 1
_1.eps>
(epstopdf)             \includegraphics on input line 33.
Package epstopdf Info: Output file is already uptodate.
<1_1-eps-converted-to.pdf, id=1, 562.1pt x 421.575pt>
File: 1_1-eps-converted-to.pdf Graphic file (type pdf)
<use 1_1-eps-converted-to.pdf>
Package pdftex.def Info: 1_1-eps-converted-to.pdf  used on input line 33.
(pdftex.def)             Requested size: 188.21288pt x 141.15933pt.
Package epstopdf Info: Source file: <1_2.eps>
(epstopdf)                    date: 2019-02-09 14:25:36
(epstopdf)                    size: 101715 bytes
(epstopdf)             Output file: <1_2-eps-converted-to.pdf>
(epstopdf)                    date: 2019-02-10 12:47:00
(epstopdf)                    size: 31846 bytes
(epstopdf)             Command: <repstopdf --outfile=1_2-eps-converted-to.pdf 1
_2.eps>
(epstopdf)             \includegraphics on input line 36.
Package epstopdf Info: Output file is already uptodate.
<1_2-eps-converted-to.pdf, id=2, 562.1pt x 421.575pt>
File: 1_2-eps-converted-to.pdf Graphic file (type pdf)
<use 1_2-eps-converted-to.pdf>
Package pdftex.def Info: 1_2-eps-converted-to.pdf  used on input line 36.
(pdftex.def)             Requested size: 188.21288pt x 141.15933pt.
Package epstopdf Info: Source file: <1_3.eps>
(epstopdf)                    date: 2019-02-09 14:25:56
(epstopdf)                    size: 101694 bytes
(epstopdf)             Output file: <1_3-eps-converted-to.pdf>
(epstopdf)                    date: 2019-02-10 12:47:00
(epstopdf)                    size: 31707 bytes
(epstopdf)             Command: <repstopdf --outfile=1_3-eps-converted-to.pdf 1
_3.eps>
(epstopdf)             \includegraphics on input line 44.
Package epstopdf Info: Output file is already uptodate.
<1_3-eps-converted-to.pdf, id=3, 562.1pt x 421.575pt>
File: 1_3-eps-converted-to.pdf Graphic file (type pdf)
<use 1_3-eps-converted-to.pdf>
Package pdftex.def Info: 1_3-eps-converted-to.pdf  used on input line 44.
(pdftex.def)             Requested size: 188.21288pt x 141.15933pt.
Package epstopdf Info: Source file: <1_4.eps>
(epstopdf)                    date: 2019-02-09 14:26:17
(epstopdf)                    size: 101696 bytes
(epstopdf)             Output file: <1_4-eps-converted-to.pdf>
(epstopdf)                    date: 2019-02-10 12:47:01
(epstopdf)                    size: 31764 bytes
(epstopdf)             Command: <repstopdf --outfile=1_4-eps-converted-to.pdf 1
_4.eps>
(epstopdf)             \includegraphics on input line 48.
Package epstopdf Info: Output file is already uptodate.
<1_4-eps-converted-to.pdf, id=4, 562.1pt x 421.575pt>
File: 1_4-eps-converted-to.pdf Graphic file (type pdf)
<use 1_4-eps-converted-to.pdf>
Package pdftex.def Info: 1_4-eps-converted-to.pdf  used on input line 48.
(pdftex.def)             Requested size: 188.21288pt x 141.15933pt.
Package epstopdf Info: Source file: <1_5.eps>
(epstopdf)                    date: 2019-02-09 14:26:37
(epstopdf)                    size: 102089 bytes
(epstopdf)             Output file: <1_5-eps-converted-to.pdf>
(epstopdf)                    date: 2019-02-10 12:47:01
(epstopdf)                    size: 31473 bytes
(epstopdf)             Command: <repstopdf --outfile=1_5-eps-converted-to.pdf 1
_5.eps>
(epstopdf)             \includegraphics on input line 55.
Package epstopdf Info: Output file is already uptodate.
<1_5-eps-converted-to.pdf, id=5, 562.1pt x 421.575pt>
File: 1_5-eps-converted-to.pdf Graphic file (type pdf)
<use 1_5-eps-converted-to.pdf>
Package pdftex.def Info: 1_5-eps-converted-to.pdf  used on input line 55.
(pdftex.def)             Requested size: 188.21288pt x 141.15933pt.
Package epstopdf Info: Source file: <1_6.eps>
(epstopdf)                    date: 2019-02-09 14:27:00
(epstopdf)                    size: 101592 bytes
(epstopdf)             Output file: <1_6-eps-converted-to.pdf>
(epstopdf)                    date: 2019-02-10 12:47:01
(epstopdf)                    size: 31014 bytes
(epstopdf)             Command: <repstopdf --outfile=1_6-eps-converted-to.pdf 1
_6.eps>
(epstopdf)             \includegraphics on input line 58.
Package epstopdf Info: Output file is already uptodate.
<1_6-eps-converted-to.pdf, id=6, 562.1pt x 421.575pt>
File: 1_6-eps-converted-to.pdf Graphic file (type pdf)
<use 1_6-eps-converted-to.pdf>
Package pdftex.def Info: 1_6-eps-converted-to.pdf  used on input line 58.
(pdftex.def)             Requested size: 188.21288pt x 141.15933pt.
Package epstopdf Info: Source file: <1_7.eps>
(epstopdf)                    date: 2019-02-09 14:28:10
(epstopdf)                    size: 15873 bytes
(epstopdf)             Output file: <1_7-eps-converted-to.pdf>
(epstopdf)                    date: 2019-02-10 12:47:02
(epstopdf)                    size: 6662 bytes
(epstopdf)             Command: <repstopdf --outfile=1_7-eps-converted-to.pdf 1
_7.eps>
(epstopdf)             \includegraphics on input line 70.
Package epstopdf Info: Output file is already uptodate.
<1_7-eps-converted-to.pdf, id=7, 562.1pt x 421.575pt>
File: 1_7-eps-converted-to.pdf Graphic file (type pdf)
<use 1_7-eps-converted-to.pdf>
Package pdftex.def Info: 1_7-eps-converted-to.pdf  used on input line 70.
(pdftex.def)             Requested size: 188.21288pt x 141.15933pt.
Package epstopdf Info: Source file: <1_8.eps>
(epstopdf)                    date: 2019-02-09 14:28:17
(epstopdf)                    size: 102067 bytes
(epstopdf)             Output file: <1_8-eps-converted-to.pdf>
(epstopdf)                    date: 2019-02-10 12:47:02
(epstopdf)                    size: 34308 bytes
(epstopdf)             Command: <repstopdf --outfile=1_8-eps-converted-to.pdf 1
_8.eps>
(epstopdf)             \includegraphics on input line 74.
Package epstopdf Info: Output file is already uptodate.
<1_8-eps-converted-to.pdf, id=8, 562.1pt x 421.575pt>
File: 1_8-eps-converted-to.pdf Graphic file (type pdf)
<use 1_8-eps-converted-to.pdf>
Package pdftex.def Info: 1_8-eps-converted-to.pdf  used on input line 74.
(pdftex.def)             Requested size: 188.21288pt x 141.15933pt.

Underfull \hbox (badness 10000) in paragraph at lines 63--77

 []

[1

{/usr/local/texlive/2018/texmf-var/fonts/map/pdftex/updmap/pdftex.map} <./1_1-e
ps-converted-to.pdf> <./1_2-eps-converted-to.pdf>] [2 <./1_3-eps-converted-to.p
df> <./1_4-eps-converted-to.pdf> <./1_5-eps-converted-to.pdf> <./1_6-eps-conver
ted-to.pdf> <./1_7-eps-converted-to.pdf> <./1_8-eps-converted-to.pdf>]
Package epstopdf Info: Source file: <2_1.eps>
(epstopdf)                    date: 2019-02-09 16:44:16
(epstopdf)                    size: 236416 bytes
(epstopdf)             Output file: <2_1-eps-converted-to.pdf>
(epstopdf)                    date: 2019-02-10 13:21:00
(epstopdf)                    size: 63001 bytes
(epstopdf)             Command: <repstopdf --outfile=2_1-eps-converted-to.pdf 2
_1.eps>
(epstopdf)             \includegraphics on input line 112.
Package epstopdf Info: Output file is already uptodate.
<2_1-eps-converted-to.pdf, id=68, 562.1pt x 421.575pt>
File: 2_1-eps-converted-to.pdf Graphic file (type pdf)
<use 2_1-eps-converted-to.pdf>
Package pdftex.def Info: 2_1-eps-converted-to.pdf  used on input line 112.
(pdftex.def)             Requested size: 188.21288pt x 141.15933pt.
Package epstopdf Info: Source file: <2_2.eps>
(epstopdf)                    date: 2019-02-09 16:44:23
(epstopdf)                    size: 42013 bytes
(epstopdf)             Output file: <2_2-eps-converted-to.pdf>
(epstopdf)                    date: 2019-02-10 13:21:00
(epstopdf)                    size: 12073 bytes
(epstopdf)             Command: <repstopdf --outfile=2_2-eps-converted-to.pdf 2
_2.eps>
(epstopdf)             \includegraphics on input line 116.
Package epstopdf Info: Output file is already uptodate.
<2_2-eps-converted-to.pdf, id=69, 562.1pt x 421.575pt>
File: 2_2-eps-converted-to.pdf Graphic file (type pdf)
<use 2_2-eps-converted-to.pdf>
Package pdftex.def Info: 2_2-eps-converted-to.pdf  used on input line 116.
(pdftex.def)             Requested size: 188.21288pt x 141.15933pt.
Package epstopdf Info: Source file: <2_3.eps>
(epstopdf)                    date: 2019-02-09 21:04:18
(epstopdf)                    size: 195636 bytes
(epstopdf)             Output file: <2_3-eps-converted-to.pdf>
(epstopdf)                    date: 2019-02-10 13:25:18
(epstopdf)                    size: 60962 bytes
(epstopdf)             Command: <repstopdf --outfile=2_3-eps-converted-to.pdf 2
_3.eps>
(epstopdf)             \includegraphics on input line 129.
Package epstopdf Info: Output file is already uptodate.
<2_3-eps-converted-to.pdf, id=70, 562.1pt x 421.575pt>
File: 2_3-eps-converted-to.pdf Graphic file (type pdf)
<use 2_3-eps-converted-to.pdf>
Package pdftex.def Info: 2_3-eps-converted-to.pdf  used on input line 129.
(pdftex.def)             Requested size: 188.21288pt x 141.15933pt.
Package epstopdf Info: Source file: <2_4.eps>
(epstopdf)                    date: 2019-02-09 21:04:24
(epstopdf)                    size: 42011 bytes
(epstopdf)             Output file: <2_4-eps-converted-to.pdf>
(epstopdf)                    date: 2019-02-10 13:25:19
(epstopdf)                    size: 12043 bytes
(epstopdf)             Command: <repstopdf --outfile=2_4-eps-converted-to.pdf 2
_4.eps>
(epstopdf)             \includegraphics on input line 133.
Package epstopdf Info: Output file is already uptodate.
<2_4-eps-converted-to.pdf, id=71, 562.1pt x 421.575pt>
File: 2_4-eps-converted-to.pdf Graphic file (type pdf)
<use 2_4-eps-converted-to.pdf>
Package pdftex.def Info: 2_4-eps-converted-to.pdf  used on input line 133.
(pdftex.def)             Requested size: 188.21288pt x 141.15933pt.

[3] [4 <./2_1-eps-converted-to.pdf> <./2_2-eps-converted-to.pdf> <./2_3-eps-con
verted-to.pdf> <./2_4-eps-converted-to.pdf>]
<../../../../Desktop/3_1.png, id=117, 498.86375pt x 418.56375pt>
File: ../../../../Desktop/3_1.png Graphic file (type png)
<use ../../../../Desktop/3_1.png>
Package pdftex.def Info: ../../../../Desktop/3_1.png  used on input line 146.
(pdftex.def)             Requested size: 292.77629pt x 245.65395pt.
 [5 <../../../../Desktop/3_1.png>]
<../../../../Desktop/3_2.png, id=123, 498.86375pt x 418.56375pt>
File: ../../../../Desktop/3_2.png Graphic file (type png)
<use ../../../../Desktop/3_2.png>
Package pdftex.def Info: ../../../../Desktop/3_2.png  used on input line 174.
(pdftex.def)             Requested size: 292.77629pt x 245.65395pt.

[6 <../../../../Desktop/3_2.png>] (./hw1.aux) ) 
Here is how much of TeX's memory you used:
 5374 strings out of 492649
 79442 string characters out of 6129622
 162887 words of memory out of 5000000
 9140 multiletter control sequences out of 15000+600000
 15228 words of font info for 60 fonts, out of 8000000 for 9000
 1141 hyphenation exceptions out of 8191
 41i,12n,39p,517b,294s stack positions out of 5000i,500n,10000p,200000b,80000s
</usr/local/texlive/2018/texmf-d
ist/fonts/type1/public/amsfonts/cm/cmbx12.pfb></usr/local/texlive/2018/texmf-di
st/fonts/type1/public/amsfonts/cm/cmex10.pfb></usr/local/texlive/2018/texmf-dis
t/fonts/type1/public/amsfonts/cm/cmmi12.pfb></usr/local/texlive/2018/texmf-dist
/fonts/type1/public/amsfonts/cm/cmmi6.pfb></usr/local/texlive/2018/texmf-dist/f
onts/type1/public/amsfonts/cm/cmmi8.pfb></usr/local/texlive/2018/texmf-dist/fon
ts/type1/public/amsfonts/cm/cmr10.pfb></usr/local/texlive/2018/texmf-dist/fonts
/type1/public/amsfonts/cm/cmr12.pfb></usr/local/texlive/2018/texmf-dist/fonts/t
ype1/public/amsfonts/cm/cmr8.pfb></usr/local/texlive/2018/texmf-dist/fonts/type
1/public/amsfonts/cm/cmss8.pfb></usr/local/texlive/2018/texmf-dist/fonts/type1/
public/amsfonts/cm/cmsy10.pfb></usr/local/texlive/2018/texmf-dist/fonts/type1/p
ublic/amsfonts/cm/cmsy6.pfb></usr/local/texlive/2018/texmf-dist/fonts/type1/pub
lic/amsfonts/cm/cmsy8.pfb>
Output written on hw1.pdf (6 pages, 727634 bytes).
PDF statistics:
 167 PDF objects out of 1000 (max. 8388607)
 111 compressed objects within 2 object streams
 0 named destinations out of 1000 (max. 500000)
 71 words of extra memory for PDF output out of 10000 (max. 10000000)

