\BOOKMARK [1][-]{section.1}{Introduction}{}% 1
\BOOKMARK [1][-]{section.2}{Background}{}% 2
\BOOKMARK [2][-]{subsection.2.1}{Q-learning}{section.2}% 3
\BOOKMARK [2][-]{subsection.2.2}{Q-Learning\040with\040NN}{section.2}% 4
\BOOKMARK [2][-]{subsection.2.3}{NEAT}{section.2}% 5
\BOOKMARK [3][-]{subsubsection.2.3.1}{genetic\040algorithm}{subsection.2.3}% 6
\BOOKMARK [3][-]{subsubsection.2.3.2}{Another\040TWEANN\040encoding}{subsection.2.3}% 7
\BOOKMARK [3][-]{subsubsection.2.3.3}{NEAT\040algorithm}{subsection.2.3}% 8
\BOOKMARK [3][-]{subsubsection.2.3.4}{speciation}{subsection.2.3}% 9
\BOOKMARK [2][-]{subsection.2.4}{NEAT+Q\040algorithm}{section.2}% 10
\BOOKMARK [2][-]{subsection.2.5}{\040greedy\040selection\040and\040Boltzmann\040selection}{section.2}% 11
\BOOKMARK [1][-]{section.3}{Experiments\040results}{}% 12
\BOOKMARK [2][-]{subsection.3.1}{Mountain\040car\040task\040and\040server\040job\040scheduling\040task}{section.3}% 13
\BOOKMARK [2][-]{subsection.3.2}{Comparisons}{section.3}% 14
\BOOKMARK [3][-]{subsubsection.3.2.1}{Manually\040and\040evolutionary}{subsection.3.2}% 15
\BOOKMARK [3][-]{subsubsection.3.2.2}{softmax\040and\040off-line}{subsection.3.2}% 16
\BOOKMARK [3][-]{subsubsection.3.2.3}{Lamarkian\040and\040Darwinian}{subsection.3.2}% 17
\BOOKMARK [3][-]{subsubsection.3.2.4}{annealing\040and\040not\040annealing}{subsection.3.2}% 18
\BOOKMARK [1][-]{section.4}{Simulations\040and\040comparison}{}% 19
\BOOKMARK [2][-]{subsection.4.1}{Cartpole}{section.4}% 20
\BOOKMARK [2][-]{subsection.4.2}{Atari\040game:\040Pac-man}{section.4}% 21
\BOOKMARK [2][-]{subsection.4.3}{compare\040to\040Q-learning}{section.4}% 22
\BOOKMARK [1][-]{section.5}{Conclusion}{}% 23
