This is pdfTeX, Version 3.14159265-2.6-1.40.19 (TeX Live 2018) (preloaded format=pdflatex 2018.4.16)  27 OCT 2018 19:37
entering extended mode
 restricted \write18 enabled.
 file:line:error style messages enabled.
 %&-line parsing enabled.
**hw3ml.tex
(./hw3ml.tex
LaTeX2e <2018-04-01> patch level 2
Babel <3.18> and hyphenation patterns for 84 language(s) loaded.
(/usr/local/texlive/2018/texmf-dist/tex/latex/base/article.cls
Document Class: article 2014/09/29 v1.4h Standard LaTeX document class
(/usr/local/texlive/2018/texmf-dist/tex/latex/base/size12.clo
File: size12.clo 2014/09/29 v1.4h Standard LaTeX file (size option)
)
\c@part=\count80
\c@section=\count81
\c@subsection=\count82
\c@subsubsection=\count83
\c@paragraph=\count84
\c@subparagraph=\count85
\c@figure=\count86
\c@table=\count87
\abovecaptionskip=\skip41
\belowcaptionskip=\skip42
\bibindent=\dimen102
)
(/usr/local/texlive/2018/texmf-dist/tex/latex/setspace/setspace.sty
Package: setspace 2011/12/19 v6.7a set line spacing
)
(/usr/local/texlive/2018/texmf-dist/tex/latex/xcolor/xcolor.sty
Package: xcolor 2016/05/11 v2.12 LaTeX color extensions (UK)

(/usr/local/texlive/2018/texmf-dist/tex/latex/graphics-cfg/color.cfg
File: color.cfg 2016/01/02 v1.6 sample color configuration
)
Package xcolor Info: Driver file: pdftex.def on input line 225.

(/usr/local/texlive/2018/texmf-dist/tex/latex/graphics-def/pdftex.def
File: pdftex.def 2018/01/08 v1.0l Graphics/color driver for pdftex
)
Package xcolor Info: Model `cmy' substituted by `cmy0' on input line 1348.
Package xcolor Info: Model `hsb' substituted by `rgb' on input line 1352.
Package xcolor Info: Model `RGB' extended on input line 1364.
Package xcolor Info: Model `HTML' substituted by `rgb' on input line 1366.
Package xcolor Info: Model `Hsb' substituted by `hsb' on input line 1367.
Package xcolor Info: Model `tHsb' substituted by `hsb' on input line 1368.
Package xcolor Info: Model `HSB' substituted by `hsb' on input line 1369.
Package xcolor Info: Model `Gray' substituted by `gray' on input line 1370.
Package xcolor Info: Model `wave' substituted by `hsb' on input line 1371.
)
(/usr/local/texlive/2018/texmf-dist/tex/latex/graphics/graphicx.sty
Package: graphicx 2017/06/01 v1.1a Enhanced LaTeX Graphics (DPC,SPQR)

(/usr/local/texlive/2018/texmf-dist/tex/latex/graphics/keyval.sty
Package: keyval 2014/10/28 v1.15 key=value parser (DPC)
\KV@toks@=\toks14
)
(/usr/local/texlive/2018/texmf-dist/tex/latex/graphics/graphics.sty
Package: graphics 2017/06/25 v1.2c Standard LaTeX Graphics (DPC,SPQR)

(/usr/local/texlive/2018/texmf-dist/tex/latex/graphics/trig.sty
Package: trig 2016/01/03 v1.10 sin cos tan (DPC)
)
(/usr/local/texlive/2018/texmf-dist/tex/latex/graphics-cfg/graphics.cfg
File: graphics.cfg 2016/06/04 v1.11 sample graphics configuration
)
Package graphics Info: Driver file: pdftex.def on input line 99.
)
\Gin@req@height=\dimen103
\Gin@req@width=\dimen104
)
(/usr/local/texlive/2018/texmf-dist/tex/latex/geometry/geometry.sty
Package: geometry 2018/03/24 v5.7 Page Geometry

(/usr/local/texlive/2018/texmf-dist/tex/generic/oberdiek/ifpdf.sty
Package: ifpdf 2017/03/15 v3.2 Provides the ifpdf switch
)
(/usr/local/texlive/2018/texmf-dist/tex/generic/oberdiek/ifvtex.sty
Package: ifvtex 2016/05/16 v1.6 Detect VTeX and its facilities (HO)
Package ifvtex Info: VTeX not detected.
)
(/usr/local/texlive/2018/texmf-dist/tex/generic/ifxetex/ifxetex.sty
Package: ifxetex 2010/09/12 v0.6 Provides ifxetex conditional
)
\Gm@cnth=\count88
\Gm@cntv=\count89
\c@Gm@tempcnt=\count90
\Gm@bindingoffset=\dimen105
\Gm@wd@mp=\dimen106
\Gm@odd@mp=\dimen107
\Gm@even@mp=\dimen108
\Gm@layoutwidth=\dimen109
\Gm@layoutheight=\dimen110
\Gm@layouthoffset=\dimen111
\Gm@layoutvoffset=\dimen112
\Gm@dimlist=\toks15
)
(/usr/local/texlive/2018/texmf-dist/tex/latex/float/float.sty
Package: float 2001/11/08 v1.3d Float enhancements (AL)
\c@float@type=\count91
\float@exts=\toks16
\float@box=\box26
\@float@everytoks=\toks17
\@floatcapt=\box27
)
(/usr/local/texlive/2018/texmf-dist/tex/latex/titlesec/titlesec.sty
Package: titlesec 2016/03/21 v2.10.2 Sectioning titles
\ttl@box=\box28
\beforetitleunit=\skip43
\aftertitleunit=\skip44
\ttl@plus=\dimen113
\ttl@minus=\dimen114
\ttl@toksa=\toks18
\titlewidth=\dimen115
\titlewidthlast=\dimen116
\titlewidthfirst=\dimen117
)
(/usr/local/texlive/2018/texmf-dist/tex/latex/subfigure/subfigure.sty
Package: subfigure 2002/03/15 v2.1.5 subfigure package
\subfigtopskip=\skip45
\subfigcapskip=\skip46
\subfigcaptopadj=\dimen118
\subfigbottomskip=\skip47
\subfigcapmargin=\dimen119
\subfiglabelskip=\skip48
\c@subfigure=\count92
\c@lofdepth=\count93
\c@subtable=\count94
\c@lotdepth=\count95

****************************************
* Local config file subfigure.cfg used *
****************************************
(/usr/local/texlive/2018/texmf-dist/tex/latex/subfigure/subfigure.cfg)
\subfig@top=\skip49
\subfig@bottom=\skip50
)
(/usr/local/texlive/2018/texmf-dist/tex/latex/caption/caption.sty
Package: caption 2016/02/21 v3.3-144 Customizing captions (AR)

(/usr/local/texlive/2018/texmf-dist/tex/latex/caption/caption3.sty
Package: caption3 2016/05/22 v1.7-166 caption3 kernel (AR)
Package caption3 Info: TeX engine: e-TeX on input line 67.
\captionmargin=\dimen120
\captionmargin@=\dimen121
\captionwidth=\dimen122
\caption@tempdima=\dimen123
\caption@indent=\dimen124
\caption@parindent=\dimen125
\caption@hangindent=\dimen126
)
\c@ContinuedFloat=\count96
Package caption Info: float package is loaded.
Package caption Info: subfigure package is loaded.
)
Package caption Info: We need package `newfloat' on input line 12.

(/usr/local/texlive/2018/texmf-dist/tex/latex/caption/newfloat.sty
Package: newfloat 2015/09/17 v1.1-109 Defining new floating environments (AR)
)
(/usr/local/texlive/2018/texmf-dist/tex/latex/amsmath/amsmath.sty
Package: amsmath 2017/09/02 v2.17a AMS math features
\@mathmargin=\skip51

For additional information on amsmath, use the `?' option.
(/usr/local/texlive/2018/texmf-dist/tex/latex/amsmath/amstext.sty
Package: amstext 2000/06/29 v2.01 AMS text

(/usr/local/texlive/2018/texmf-dist/tex/latex/amsmath/amsgen.sty
File: amsgen.sty 1999/11/30 v2.0 generic functions
\@emptytoks=\toks19
\ex@=\dimen127
))
(/usr/local/texlive/2018/texmf-dist/tex/latex/amsmath/amsbsy.sty
Package: amsbsy 1999/11/29 v1.2d Bold Symbols
\pmbraise@=\dimen128
)
(/usr/local/texlive/2018/texmf-dist/tex/latex/amsmath/amsopn.sty
Package: amsopn 2016/03/08 v2.02 operator names
)
\inf@bad=\count97
LaTeX Info: Redefining \frac on input line 213.
\uproot@=\count98
\leftroot@=\count99
LaTeX Info: Redefining \overline on input line 375.
\classnum@=\count100
\DOTSCASE@=\count101
LaTeX Info: Redefining \ldots on input line 472.
LaTeX Info: Redefining \dots on input line 475.
LaTeX Info: Redefining \cdots on input line 596.
\Mathstrutbox@=\box29
\strutbox@=\box30
\big@size=\dimen129
LaTeX Font Info:    Redeclaring font encoding OML on input line 712.
LaTeX Font Info:    Redeclaring font encoding OMS on input line 713.
\macc@depth=\count102
\c@MaxMatrixCols=\count103
\dotsspace@=\muskip10
\c@parentequation=\count104
\dspbrk@lvl=\count105
\tag@help=\toks20
\row@=\count106
\column@=\count107
\maxfields@=\count108
\andhelp@=\toks21
\eqnshift@=\dimen130
\alignsep@=\dimen131
\tagshift@=\dimen132
\tagwidth@=\dimen133
\totwidth@=\dimen134
\lineht@=\dimen135
\@envbody=\toks22
\multlinegap=\skip52
\multlinetaggap=\skip53
\mathdisplay@stack=\toks23
LaTeX Info: Redefining \[ on input line 2817.
LaTeX Info: Redefining \] on input line 2818.
)
(/usr/local/texlive/2018/texmf-dist/tex/latex/enumitem/enumitem.sty
Package: enumitem 2011/09/28 v3.5.2 Customized lists
\labelindent=\skip54
\enit@outerparindent=\dimen136
\enit@toks=\toks24
\enit@inbox=\box31
\enitdp@description=\count109
)
(/usr/local/texlive/2018/texmf-dist/tex/latex/amsfonts/amssymb.sty
Package: amssymb 2013/01/14 v3.01 AMS font symbols

(/usr/local/texlive/2018/texmf-dist/tex/latex/amsfonts/amsfonts.sty
Package: amsfonts 2013/01/14 v3.01 Basic AMSFonts support
\symAMSa=\mathgroup4
\symAMSb=\mathgroup5
LaTeX Font Info:    Overwriting math alphabet `\mathfrak' in version `bold'
(Font)                  U/euf/m/n --> U/euf/b/n on input line 106.
))
(./hw3ml.aux)
\openout1 = `hw3ml.aux'.

LaTeX Font Info:    Checking defaults for OML/cmm/m/it on input line 17.
LaTeX Font Info:    ... okay on input line 17.
LaTeX Font Info:    Checking defaults for T1/cmr/m/n on input line 17.
LaTeX Font Info:    ... okay on input line 17.
LaTeX Font Info:    Checking defaults for OT1/cmr/m/n on input line 17.
LaTeX Font Info:    ... okay on input line 17.
LaTeX Font Info:    Checking defaults for OMS/cmsy/m/n on input line 17.
LaTeX Font Info:    ... okay on input line 17.
LaTeX Font Info:    Checking defaults for OMX/cmex/m/n on input line 17.
LaTeX Font Info:    ... okay on input line 17.
LaTeX Font Info:    Checking defaults for U/cmr/m/n on input line 17.
LaTeX Font Info:    ... okay on input line 17.

(/usr/local/texlive/2018/texmf-dist/tex/context/base/mkii/supp-pdf.mkii
[Loading MPS to PDF converter (version 2006.09.02).]
\scratchcounter=\count110
\scratchdimen=\dimen137
\scratchbox=\box32
\nofMPsegments=\count111
\nofMParguments=\count112
\everyMPshowfont=\toks25
\MPscratchCnt=\count113
\MPscratchDim=\dimen138
\MPnumerator=\count114
\makeMPintoPDFobject=\count115
\everyMPtoPDFconversion=\toks26
) (/usr/local/texlive/2018/texmf-dist/tex/latex/oberdiek/epstopdf-base.sty
Package: epstopdf-base 2016/05/15 v2.6 Base part for package epstopdf

(/usr/local/texlive/2018/texmf-dist/tex/generic/oberdiek/infwarerr.sty
Package: infwarerr 2016/05/16 v1.4 Providing info/warning/error messages (HO)
)
(/usr/local/texlive/2018/texmf-dist/tex/latex/oberdiek/grfext.sty
Package: grfext 2016/05/16 v1.2 Manage graphics extensions (HO)

(/usr/local/texlive/2018/texmf-dist/tex/generic/oberdiek/kvdefinekeys.sty
Package: kvdefinekeys 2016/05/16 v1.4 Define keys (HO)

(/usr/local/texlive/2018/texmf-dist/tex/generic/oberdiek/ltxcmds.sty
Package: ltxcmds 2016/05/16 v1.23 LaTeX kernel commands for general use (HO)
)))
(/usr/local/texlive/2018/texmf-dist/tex/latex/oberdiek/kvoptions.sty
Package: kvoptions 2016/05/16 v3.12 Key value format for package options (HO)

(/usr/local/texlive/2018/texmf-dist/tex/generic/oberdiek/kvsetkeys.sty
Package: kvsetkeys 2016/05/16 v1.17 Key value parser (HO)

(/usr/local/texlive/2018/texmf-dist/tex/generic/oberdiek/etexcmds.sty
Package: etexcmds 2016/05/16 v1.6 Avoid name clashes with e-TeX commands (HO)

(/usr/local/texlive/2018/texmf-dist/tex/generic/oberdiek/ifluatex.sty
Package: ifluatex 2016/05/16 v1.4 Provides the ifluatex switch (HO)
Package ifluatex Info: LuaTeX not detected.
)
Package etexcmds Info: Could not find \expanded.
(etexcmds)             That can mean that you are not using pdfTeX 1.50 or
(etexcmds)             that some package has redefined \expanded.
(etexcmds)             In the latter case, load this package earlier.
)))
(/usr/local/texlive/2018/texmf-dist/tex/generic/oberdiek/pdftexcmds.sty
Package: pdftexcmds 2018/01/30 v0.27 Utility functions of pdfTeX for LuaTeX (HO
)
Package pdftexcmds Info: LuaTeX not detected.
Package pdftexcmds Info: \pdf@primitive is available.
Package pdftexcmds Info: \pdf@ifprimitive is available.
Package pdftexcmds Info: \pdfdraftmode found.
)
Package epstopdf-base Info: Redefining graphics rule for `.eps' on input line 4
38.
Package grfext Info: Graphics extension search list:
(grfext)             [.pdf,.png,.jpg,.mps,.jpeg,.jbig2,.jb2,.PDF,.PNG,.JPG,.JPE
G,.JBIG2,.JB2,.eps]
(grfext)             \AppendGraphicsExtensions on input line 456.

(/usr/local/texlive/2018/texmf-dist/tex/latex/latexconfig/epstopdf-sys.cfg
File: epstopdf-sys.cfg 2010/07/13 v1.3 Configuration of (r)epstopdf for TeX Liv
e
))
*geometry* driver: auto-detecting
*geometry* detected driver: pdftex
*geometry* verbose mode - [ preamble ] result:
* driver: pdftex
* paper: a4paper
* layout: <same size as paper>
* layoutoffset:(h,v)=(0.0pt,0.0pt)
* modes: 
* h-part:(L,W,R)=(89.62709pt, 418.25368pt, 89.6271pt)
* v-part:(T,H,B)=(101.40665pt, 591.5302pt, 152.11pt)
* \paperwidth=597.50787pt
* \paperheight=845.04684pt
* \textwidth=418.25368pt
* \textheight=591.5302pt
* \oddsidemargin=17.3571pt
* \evensidemargin=17.3571pt
* \topmargin=-7.86334pt
* \headheight=12.0pt
* \headsep=25.0pt
* \topskip=12.0pt
* \footskip=30.0pt
* \marginparwidth=35.0pt
* \marginparsep=10.0pt
* \columnsep=10.0pt
* \skip\footins=10.8pt plus 4.0pt minus 2.0pt
* \hoffset=0.0pt
* \voffset=0.0pt
* \mag=1000
* \@twocolumnfalse
* \@twosidefalse
* \@mparswitchfalse
* \@reversemarginfalse
* (1in=72.27pt=25.4mm, 1cm=28.453pt)

Package caption Info: Begin \AtBeginDocument code.
Package caption Info: End \AtBeginDocument code.
LaTeX Font Info:    Try loading font information for U+msa on input line 21.
(/usr/local/texlive/2018/texmf-dist/tex/latex/amsfonts/umsa.fd
File: umsa.fd 2013/01/14 v3.01 AMS symbols A
)
LaTeX Font Info:    Try loading font information for U+msb on input line 21.

(/usr/local/texlive/2018/texmf-dist/tex/latex/amsfonts/umsb.fd
File: umsb.fd 2013/01/14 v3.01 AMS symbols B
) [1

{/usr/local/texlive/2018/texmf-var/fonts/map/pdftex/updmap/pdftex.map}] [2]
Package epstopdf Info: Source file: <figure/linear_performance_s.eps>
(epstopdf)                    date: 2018-10-18 15:10:09
(epstopdf)                    size: 14978 bytes
(epstopdf)             Output file: <figure/linear_performance_s-eps-converted-
to.pdf>
(epstopdf)                    date: 2018-10-18 15:17:00
(epstopdf)                    size: 7153 bytes
(epstopdf)             Command: <repstopdf --outfile=figure/linear_performance_
s-eps-converted-to.pdf figure/linear_performance_s.eps>
(epstopdf)             \includegraphics on input line 93.
Package epstopdf Info: Output file is already uptodate.
<figure/linear_performance_s-eps-converted-to.pdf, id=20, 466.74374pt x 391.462
5pt>
File: figure/linear_performance_s-eps-converted-to.pdf Graphic file (type pdf)
<use figure/linear_performance_s-eps-converted-to.pdf>
Package pdftex.def Info: figure/linear_performance_s-eps-converted-to.pdf  used
 on input line 93.
(pdftex.def)             Requested size: 292.77629pt x 245.56541pt.
Package epstopdf Info: Source file: <figure/polynomial_performance_s.eps>
(epstopdf)                    date: 2018-10-18 17:24:10
(epstopdf)                    size: 353115 bytes
(epstopdf)             Output file: <figure/polynomial_performance_s-eps-conver
ted-to.pdf>
(epstopdf)                    date: 2018-10-18 17:25:23
(epstopdf)                    size: 39313 bytes
(epstopdf)             Command: <repstopdf --outfile=figure/polynomial_performa
nce_s-eps-converted-to.pdf figure/polynomial_performance_s.eps>
(epstopdf)             \includegraphics on input line 100.
Package epstopdf Info: Output file is already uptodate.
<figure/polynomial_performance_s-eps-converted-to.pdf, id=21, 419.5675pt x 371.
3875pt>
File: figure/polynomial_performance_s-eps-converted-to.pdf Graphic file (type p
df)
<use figure/polynomial_performance_s-eps-converted-to.pdf>
Package pdftex.def Info: figure/polynomial_performance_s-eps-converted-to.pdf  
used on input line 100.
(pdftex.def)             Requested size: 292.77629pt x 259.15343pt.
Package epstopdf Info: Source file: <figure/rbf_performance_s.eps>
(epstopdf)                    date: 2018-10-18 17:24:11
(epstopdf)                    size: 345787 bytes
(epstopdf)             Output file: <figure/rbf_performance_s-eps-converted-to.
pdf>
(epstopdf)                    date: 2018-10-18 17:25:23
(epstopdf)                    size: 42968 bytes
(epstopdf)             Command: <repstopdf --outfile=figure/rbf_performance_s-e
ps-converted-to.pdf figure/rbf_performance_s.eps>
(epstopdf)             \includegraphics on input line 106.
Package epstopdf Info: Output file is already uptodate.
<figure/rbf_performance_s-eps-converted-to.pdf, id=22, 419.5675pt x 371.3875pt>

File: figure/rbf_performance_s-eps-converted-to.pdf Graphic file (type pdf)
<use figure/rbf_performance_s-eps-converted-to.pdf>
Package pdftex.def Info: figure/rbf_performance_s-eps-converted-to.pdf  used on
 input line 106.
(pdftex.def)             Requested size: 292.77629pt x 259.15343pt.
Package epstopdf Info: Source file: <figure/linear_performance.eps>
(epstopdf)                    date: 2018-10-18 15:13:47
(epstopdf)                    size: 14471 bytes
(epstopdf)             Output file: <figure/linear_performance-eps-converted-to
.pdf>
(epstopdf)                    date: 2018-10-18 15:22:53
(epstopdf)                    size: 7345 bytes
(epstopdf)             Command: <repstopdf --outfile=figure/linear_performance-
eps-converted-to.pdf figure/linear_performance.eps>
(epstopdf)             \includegraphics on input line 114.
Package epstopdf Info: Output file is already uptodate.
<figure/linear_performance-eps-converted-to.pdf, id=23, 466.74374pt x 391.4625p
t>
File: figure/linear_performance-eps-converted-to.pdf Graphic file (type pdf)
<use figure/linear_performance-eps-converted-to.pdf>
Package pdftex.def Info: figure/linear_performance-eps-converted-to.pdf  used o
n input line 114.
(pdftex.def)             Requested size: 292.77629pt x 245.56541pt.
Package epstopdf Info: Source file: <figure/polynomial_performance.eps>
(epstopdf)                    date: 2018-10-18 17:18:53
(epstopdf)                    size: 337997 bytes
(epstopdf)             Output file: <figure/polynomial_performance-eps-converte
d-to.pdf>
(epstopdf)                    date: 2018-10-18 17:22:40
(epstopdf)                    size: 42749 bytes
(epstopdf)             Command: <repstopdf --outfile=figure/polynomial_performa
nce-eps-converted-to.pdf figure/polynomial_performance.eps>
(epstopdf)             \includegraphics on input line 120.
Package epstopdf Info: Output file is already uptodate.
<figure/polynomial_performance-eps-converted-to.pdf, id=24, 419.5675pt x 371.38
75pt>
File: figure/polynomial_performance-eps-converted-to.pdf Graphic file (type pdf
)
<use figure/polynomial_performance-eps-converted-to.pdf>
Package pdftex.def Info: figure/polynomial_performance-eps-converted-to.pdf  us
ed on input line 120.
(pdftex.def)             Requested size: 292.77629pt x 259.15343pt.
Package epstopdf Info: Source file: <figure/rbf_performance.eps>
(epstopdf)                    date: 2018-10-18 17:18:54
(epstopdf)                    size: 338660 bytes
(epstopdf)             Output file: <figure/rbf_performance-eps-converted-to.pd
f>
(epstopdf)                    date: 2018-10-18 17:22:40
(epstopdf)                    size: 45890 bytes
(epstopdf)             Command: <repstopdf --outfile=figure/rbf_performance-eps
-converted-to.pdf figure/rbf_performance.eps>
(epstopdf)             \includegraphics on input line 126.
Package epstopdf Info: Output file is already uptodate.
<figure/rbf_performance-eps-converted-to.pdf, id=25, 419.5675pt x 371.3875pt>
File: figure/rbf_performance-eps-converted-to.pdf Graphic file (type pdf)
<use figure/rbf_performance-eps-converted-to.pdf>
Package pdftex.def Info: figure/rbf_performance-eps-converted-to.pdf  used on i
nput line 126.
(pdftex.def)             Requested size: 292.77629pt x 259.15343pt.

./hw3ml.tex:141: Missing } inserted.
<inserted text> 
                }
l.141 f(x) = \left\{\begin{aligned}{ &
                                      +1 \quad &\sum_{t} \alpha_t y_t <x_t,x...

? 
./hw3ml.tex:141: Missing { inserted.
<inserted text> 
                {
l.141 ...a_t y_t <x_t,x> \qquad&else}\end{aligned}
                                                   \nonumber
? 
./hw3ml.tex:142: Missing \right. inserted.
<inserted text> 
                \right .
l.142 \end{equation}
                    
? 
[3 <./figure/linear_performance_s-eps-converted-to.pdf>] [4 <./figure/polynomia
l_performance_s-eps-converted-to.pdf> <./figure/rbf_performance_s-eps-converted
-to.pdf>] [5 <./figure/linear_performance-eps-converted-to.pdf> <./figure/polyn
omial_performance-eps-converted-to.pdf>]
./hw3ml.tex:146: Missing } inserted.
<inserted text> 
                }
l.146  f(x) = \left\{\begin{aligned}{ &
                                       +1 \quad &\sum_{t} \alpha_t y_t (<x_t...

? 
./hw3ml.tex:146: Missing { inserted.
<inserted text> 
                {
l.146 ...<x_t,x>+1)^n+b_0 \quad&else}\end{aligned}
                                                   \nonumber
? 
./hw3ml.tex:147: Missing \right. inserted.
<inserted text> 
                \right .
l.147 \end{equation}
                    
? 
./hw3ml.tex:151: Missing } inserted.
<inserted text> 
                }
l.151  f(x) = \left\{\begin{aligned}{ &
                                       +1 \ &\sum_{t} \alpha_t y_t \exp(\fra...

? 
./hw3ml.tex:151: Missing { inserted.
<inserted text> 
                {
l.151 ...{2\sigma^2})+b_0 \quad&else}\end{aligned}
                                                   \nonumber
? 
./hw3ml.tex:152: Missing \right. inserted.
<inserted text> 
                \right .
l.152 \end{equation}
                    
? 

Overfull \hbox (4.39151pt too wide) detected at line 152
\OML/cmm/m/it/12 f\OT1/cmr/m/n/12 (\OML/cmm/m/it/12 x\OT1/cmr/m/n/12 ) = []
 []

[6 <./figure/rbf_performance-eps-converted-to.pdf>]
Package epstopdf Info: Source file: <figure/1.eps>
(epstopdf)                    date: 2018-10-17 19:30:32
(epstopdf)                    size: 23767 bytes
(epstopdf)             Output file: <figure/1-eps-converted-to.pdf>
(epstopdf)                    date: 2018-10-17 19:31:58
(epstopdf)                    size: 13448 bytes
(epstopdf)             Command: <repstopdf --outfile=figure/1-eps-converted-to.
pdf figure/1.eps>
(epstopdf)             \includegraphics on input line 173.
Package epstopdf Info: Output file is already uptodate.
<figure/1-eps-converted-to.pdf, id=86, 452.69125pt x 359.3425pt>
File: figure/1-eps-converted-to.pdf Graphic file (type pdf)
<use figure/1-eps-converted-to.pdf>
Package pdftex.def Info: figure/1-eps-converted-to.pdf  used on input line 173.

(pdftex.def)             Requested size: 188.21288pt x 149.3985pt.
Package epstopdf Info: Source file: <figure/1_rec.eps>
(epstopdf)                    date: 2018-10-17 19:30:32
(epstopdf)                    size: 24024 bytes
(epstopdf)             Output file: <figure/1_rec-eps-converted-to.pdf>
(epstopdf)                    date: 2018-10-17 19:31:58
(epstopdf)                    size: 12621 bytes
(epstopdf)             Command: <repstopdf --outfile=figure/1_rec-eps-converted
-to.pdf figure/1_rec.eps>
(epstopdf)             \includegraphics on input line 176.
Package epstopdf Info: Output file is already uptodate.
<figure/1_rec-eps-converted-to.pdf, id=87, 452.69125pt x 359.3425pt>
File: figure/1_rec-eps-converted-to.pdf Graphic file (type pdf)
<use figure/1_rec-eps-converted-to.pdf>
Package pdftex.def Info: figure/1_rec-eps-converted-to.pdf  used on input line 
176.
(pdftex.def)             Requested size: 188.21288pt x 149.3985pt.
Package epstopdf Info: Source file: <figure/2.eps>
(epstopdf)                    date: 2018-10-17 19:30:32
(epstopdf)                    size: 23417 bytes
(epstopdf)             Output file: <figure/2-eps-converted-to.pdf>
(epstopdf)                    date: 2018-10-17 19:31:59
(epstopdf)                    size: 13260 bytes
(epstopdf)             Command: <repstopdf --outfile=figure/2-eps-converted-to.
pdf figure/2.eps>
(epstopdf)             \includegraphics on input line 181.
Package epstopdf Info: Output file is already uptodate.
<figure/2-eps-converted-to.pdf, id=88, 452.69125pt x 359.3425pt>
File: figure/2-eps-converted-to.pdf Graphic file (type pdf)
<use figure/2-eps-converted-to.pdf>
Package pdftex.def Info: figure/2-eps-converted-to.pdf  used on input line 181.

(pdftex.def)             Requested size: 188.21288pt x 149.3985pt.
Package epstopdf Info: Source file: <figure/2_rec.eps>
(epstopdf)                    date: 2018-10-17 19:30:33
(epstopdf)                    size: 23432 bytes
(epstopdf)             Output file: <figure/2_rec-eps-converted-to.pdf>
(epstopdf)                    date: 2018-10-17 19:31:59
(epstopdf)                    size: 12680 bytes
(epstopdf)             Command: <repstopdf --outfile=figure/2_rec-eps-converted
-to.pdf figure/2_rec.eps>
(epstopdf)             \includegraphics on input line 184.
Package epstopdf Info: Output file is already uptodate.
<figure/2_rec-eps-converted-to.pdf, id=89, 452.69125pt x 359.3425pt>
File: figure/2_rec-eps-converted-to.pdf Graphic file (type pdf)
<use figure/2_rec-eps-converted-to.pdf>
Package pdftex.def Info: figure/2_rec-eps-converted-to.pdf  used on input line 
184.
(pdftex.def)             Requested size: 188.21288pt x 149.3985pt.


LaTeX Warning: `h' float specifier changed to `ht'.


./hw3ml.tex:187: LaTeX Error: There's no line here to end.

See the LaTeX manual or LaTeX Companion for explanation.
Type  H <return>  for immediate help.
 ...                                              
                                                  
l.187 \begin
            {figure}[h]
? 
Package epstopdf Info: Source file: <figure/3.eps>
(epstopdf)                    date: 2018-10-17 19:30:33
(epstopdf)                    size: 23375 bytes
(epstopdf)             Output file: <figure/3-eps-converted-to.pdf>
(epstopdf)                    date: 2018-10-17 19:32:00
(epstopdf)                    size: 13192 bytes
(epstopdf)             Command: <repstopdf --outfile=figure/3-eps-converted-to.
pdf figure/3.eps>
(epstopdf)             \includegraphics on input line 191.
Package epstopdf Info: Output file is already uptodate.
<figure/3-eps-converted-to.pdf, id=90, 452.69125pt x 359.3425pt>
File: figure/3-eps-converted-to.pdf Graphic file (type pdf)
<use figure/3-eps-converted-to.pdf>
Package pdftex.def Info: figure/3-eps-converted-to.pdf  used on input line 191.

(pdftex.def)             Requested size: 188.21288pt x 149.3985pt.
Package epstopdf Info: Source file: <figure/3_rec.eps>
(epstopdf)                    date: 2018-10-17 19:30:34
(epstopdf)                    size: 23326 bytes
(epstopdf)             Output file: <figure/3_rec-eps-converted-to.pdf>
(epstopdf)                    date: 2018-10-17 19:32:00
(epstopdf)                    size: 12497 bytes
(epstopdf)             Command: <repstopdf --outfile=figure/3_rec-eps-converted
-to.pdf figure/3_rec.eps>
(epstopdf)             \includegraphics on input line 194.
Package epstopdf Info: Output file is already uptodate.
<figure/3_rec-eps-converted-to.pdf, id=91, 452.69125pt x 359.3425pt>
File: figure/3_rec-eps-converted-to.pdf Graphic file (type pdf)
<use figure/3_rec-eps-converted-to.pdf>
Package pdftex.def Info: figure/3_rec-eps-converted-to.pdf  used on input line 
194.
(pdftex.def)             Requested size: 188.21288pt x 149.3985pt.

LaTeX Warning: `h' float specifier changed to `ht'.


./hw3ml.tex:197: LaTeX Error: There's no line here to end.

See the LaTeX manual or LaTeX Companion for explanation.
Type  H <return>  for immediate help.
 ...                                              
                                                  
l.197 \begin
            {figure}[h]
? 
Package epstopdf Info: Source file: <figure/4.eps>
(epstopdf)                    date: 2018-10-17 19:30:34
(epstopdf)                    size: 23476 bytes
(epstopdf)             Output file: <figure/4-eps-converted-to.pdf>
(epstopdf)                    date: 2018-10-17 19:32:00
(epstopdf)                    size: 13290 bytes
(epstopdf)             Command: <repstopdf --outfile=figure/4-eps-converted-to.
pdf figure/4.eps>
(epstopdf)             \includegraphics on input line 201.
Package epstopdf Info: Output file is already uptodate.
<figure/4-eps-converted-to.pdf, id=92, 452.69125pt x 359.3425pt>
File: figure/4-eps-converted-to.pdf Graphic file (type pdf)
<use figure/4-eps-converted-to.pdf>
Package pdftex.def Info: figure/4-eps-converted-to.pdf  used on input line 201.

(pdftex.def)             Requested size: 188.21288pt x 149.3985pt.
Package epstopdf Info: Source file: <figure/4_rec.eps>
(epstopdf)                    date: 2018-10-17 19:30:34
(epstopdf)                    size: 23186 bytes
(epstopdf)             Output file: <figure/4_rec-eps-converted-to.pdf>
(epstopdf)                    date: 2018-10-17 19:32:01
(epstopdf)                    size: 12710 bytes
(epstopdf)             Command: <repstopdf --outfile=figure/4_rec-eps-converted
-to.pdf figure/4_rec.eps>
(epstopdf)             \includegraphics on input line 204.
Package epstopdf Info: Output file is already uptodate.
<figure/4_rec-eps-converted-to.pdf, id=93, 452.69125pt x 359.3425pt>
File: figure/4_rec-eps-converted-to.pdf Graphic file (type pdf)
<use figure/4_rec-eps-converted-to.pdf>
Package pdftex.def Info: figure/4_rec-eps-converted-to.pdf  used on input line 
204.
(pdftex.def)             Requested size: 188.21288pt x 149.3985pt.

LaTeX Warning: `h' float specifier changed to `ht'.

Package epstopdf Info: Source file: <figure/5.eps>
(epstopdf)                    date: 2018-10-17 19:30:35
(epstopdf)                    size: 23441 bytes
(epstopdf)             Output file: <figure/5-eps-converted-to.pdf>
(epstopdf)                    date: 2018-10-17 19:32:01
(epstopdf)                    size: 13420 bytes
(epstopdf)             Command: <repstopdf --outfile=figure/5-eps-converted-to.
pdf figure/5.eps>
(epstopdf)             \includegraphics on input line 211.
Package epstopdf Info: Output file is already uptodate.
<figure/5-eps-converted-to.pdf, id=94, 452.69125pt x 359.3425pt>
File: figure/5-eps-converted-to.pdf Graphic file (type pdf)
<use figure/5-eps-converted-to.pdf>
Package pdftex.def Info: figure/5-eps-converted-to.pdf  used on input line 211.

(pdftex.def)             Requested size: 188.21288pt x 149.3985pt.
Package epstopdf Info: Source file: <figure/5_rec.eps>
(epstopdf)                    date: 2018-10-17 19:30:35
(epstopdf)                    size: 23404 bytes
(epstopdf)             Output file: <figure/5_rec-eps-converted-to.pdf>
(epstopdf)                    date: 2018-10-17 19:32:02
(epstopdf)                    size: 12973 bytes
(epstopdf)             Command: <repstopdf --outfile=figure/5_rec-eps-converted
-to.pdf figure/5_rec.eps>
(epstopdf)             \includegraphics on input line 214.
Package epstopdf Info: Output file is already uptodate.
<figure/5_rec-eps-converted-to.pdf, id=95, 452.69125pt x 359.3425pt>
File: figure/5_rec-eps-converted-to.pdf Graphic file (type pdf)
<use figure/5_rec-eps-converted-to.pdf>
Package pdftex.def Info: figure/5_rec-eps-converted-to.pdf  used on input line 
214.
(pdftex.def)             Requested size: 188.21288pt x 149.3985pt.

LaTeX Warning: `h' float specifier changed to `ht'.


./hw3ml.tex:217: LaTeX Error: There's no line here to end.

See the LaTeX manual or LaTeX Companion for explanation.
Type  H <return>  for immediate help.
 ...                                              
                                                  
l.217 \begin
            {figure}
? 
Package epstopdf Info: Source file: <figure/6.eps>
(epstopdf)                    date: 2018-10-17 19:30:35
(epstopdf)                    size: 23795 bytes
(epstopdf)             Output file: <figure/6-eps-converted-to.pdf>
(epstopdf)                    date: 2018-10-17 19:32:02
(epstopdf)                    size: 13344 bytes
(epstopdf)             Command: <repstopdf --outfile=figure/6-eps-converted-to.
pdf figure/6.eps>
(epstopdf)             \includegraphics on input line 221.
Package epstopdf Info: Output file is already uptodate.
<figure/6-eps-converted-to.pdf, id=96, 452.69125pt x 359.3425pt>
File: figure/6-eps-converted-to.pdf Graphic file (type pdf)
<use figure/6-eps-converted-to.pdf>
Package pdftex.def Info: figure/6-eps-converted-to.pdf  used on input line 221.

(pdftex.def)             Requested size: 188.21288pt x 149.3985pt.
Package epstopdf Info: Source file: <figure/6_rec.eps>
(epstopdf)                    date: 2018-10-17 19:30:36
(epstopdf)                    size: 23136 bytes
(epstopdf)             Output file: <figure/6_rec-eps-converted-to.pdf>
(epstopdf)                    date: 2018-10-17 19:32:02
(epstopdf)                    size: 12740 bytes
(epstopdf)             Command: <repstopdf --outfile=figure/6_rec-eps-converted
-to.pdf figure/6_rec.eps>
(epstopdf)             \includegraphics on input line 224.
Package epstopdf Info: Output file is already uptodate.
<figure/6_rec-eps-converted-to.pdf, id=97, 452.69125pt x 359.3425pt>
File: figure/6_rec-eps-converted-to.pdf Graphic file (type pdf)
<use figure/6_rec-eps-converted-to.pdf>
Package pdftex.def Info: figure/6_rec-eps-converted-to.pdf  used on input line 
224.
(pdftex.def)             Requested size: 188.21288pt x 149.3985pt.

./hw3ml.tex:227: LaTeX Error: There's no line here to end.

See the LaTeX manual or LaTeX Companion for explanation.
Type  H <return>  for immediate help.
 ...                                              
                                                  
l.227 \begin
            {figure}[h]
? 
Package epstopdf Info: Source file: <figure/7.eps>
(epstopdf)                    date: 2018-10-17 19:30:36
(epstopdf)                    size: 23876 bytes
(epstopdf)             Output file: <figure/7-eps-converted-to.pdf>
(epstopdf)                    date: 2018-10-17 19:32:03
(epstopdf)                    size: 13149 bytes
(epstopdf)             Command: <repstopdf --outfile=figure/7-eps-converted-to.
pdf figure/7.eps>
(epstopdf)             \includegraphics on input line 231.
Package epstopdf Info: Output file is already uptodate.
<figure/7-eps-converted-to.pdf, id=98, 452.69125pt x 359.3425pt>
File: figure/7-eps-converted-to.pdf Graphic file (type pdf)
<use figure/7-eps-converted-to.pdf>
Package pdftex.def Info: figure/7-eps-converted-to.pdf  used on input line 231.

(pdftex.def)             Requested size: 188.21288pt x 149.3985pt.
Package epstopdf Info: Source file: <figure/7_rec.eps>
(epstopdf)                    date: 2018-10-17 19:30:36
(epstopdf)                    size: 23027 bytes
(epstopdf)             Output file: <figure/7_rec-eps-converted-to.pdf>
(epstopdf)                    date: 2018-10-17 19:32:03
(epstopdf)                    size: 12493 bytes
(epstopdf)             Command: <repstopdf --outfile=figure/7_rec-eps-converted
-to.pdf figure/7_rec.eps>
(epstopdf)             \includegraphics on input line 234.
Package epstopdf Info: Output file is already uptodate.
<figure/7_rec-eps-converted-to.pdf, id=99, 452.69125pt x 359.3425pt>
File: figure/7_rec-eps-converted-to.pdf Graphic file (type pdf)
<use figure/7_rec-eps-converted-to.pdf>
Package pdftex.def Info: figure/7_rec-eps-converted-to.pdf  used on input line 
234.
(pdftex.def)             Requested size: 188.21288pt x 149.3985pt.

LaTeX Warning: `h' float specifier changed to `ht'.


./hw3ml.tex:237: LaTeX Error: There's no line here to end.

See the LaTeX manual or LaTeX Companion for explanation.
Type  H <return>  for immediate help.
 ...                                              
                                                  
l.237 \begin
            {figure}[h]
? 
Package epstopdf Info: Source file: <figure/8.eps>
(epstopdf)                    date: 2018-10-17 19:30:37
(epstopdf)                    size: 23247 bytes
(epstopdf)             Output file: <figure/8-eps-converted-to.pdf>
(epstopdf)                    date: 2018-10-17 19:32:04
(epstopdf)                    size: 13322 bytes
(epstopdf)             Command: <repstopdf --outfile=figure/8-eps-converted-to.
pdf figure/8.eps>
(epstopdf)             \includegraphics on input line 241.
Package epstopdf Info: Output file is already uptodate.
<figure/8-eps-converted-to.pdf, id=100, 452.69125pt x 359.3425pt>
File: figure/8-eps-converted-to.pdf Graphic file (type pdf)
<use figure/8-eps-converted-to.pdf>
Package pdftex.def Info: figure/8-eps-converted-to.pdf  used on input line 241.

(pdftex.def)             Requested size: 188.21288pt x 149.3985pt.
Package epstopdf Info: Source file: <figure/8_rec.eps>
(epstopdf)                    date: 2018-10-17 19:30:37
(epstopdf)                    size: 23249 bytes
(epstopdf)             Output file: <figure/8_rec-eps-converted-to.pdf>
(epstopdf)                    date: 2018-10-17 19:32:04
(epstopdf)                    size: 12611 bytes
(epstopdf)             Command: <repstopdf --outfile=figure/8_rec-eps-converted
-to.pdf figure/8_rec.eps>
(epstopdf)             \includegraphics on input line 244.
Package epstopdf Info: Output file is already uptodate.
<figure/8_rec-eps-converted-to.pdf, id=101, 452.69125pt x 359.3425pt>
File: figure/8_rec-eps-converted-to.pdf Graphic file (type pdf)
<use figure/8_rec-eps-converted-to.pdf>
Package pdftex.def Info: figure/8_rec-eps-converted-to.pdf  used on input line 
244.
(pdftex.def)             Requested size: 188.21288pt x 149.3985pt.

LaTeX Warning: `h' float specifier changed to `ht'.

Package epstopdf Info: Source file: <figure/9.eps>
(epstopdf)                    date: 2018-10-17 19:30:37
(epstopdf)                    size: 23228 bytes
(epstopdf)             Output file: <figure/9-eps-converted-to.pdf>
(epstopdf)                    date: 2018-10-17 19:32:04
(epstopdf)                    size: 13152 bytes
(epstopdf)             Command: <repstopdf --outfile=figure/9-eps-converted-to.
pdf figure/9.eps>
(epstopdf)             \includegraphics on input line 250.
Package epstopdf Info: Output file is already uptodate.
<figure/9-eps-converted-to.pdf, id=102, 452.69125pt x 359.3425pt>
File: figure/9-eps-converted-to.pdf Graphic file (type pdf)
<use figure/9-eps-converted-to.pdf>
Package pdftex.def Info: figure/9-eps-converted-to.pdf  used on input line 250.

(pdftex.def)             Requested size: 188.21288pt x 149.3985pt.
Package epstopdf Info: Source file: <figure/9_rec.eps>
(epstopdf)                    date: 2018-10-17 19:30:38
(epstopdf)                    size: 23387 bytes
(epstopdf)             Output file: <figure/9_rec-eps-converted-to.pdf>
(epstopdf)                    date: 2018-10-17 19:32:05
(epstopdf)                    size: 12459 bytes
(epstopdf)             Command: <repstopdf --outfile=figure/9_rec-eps-converted
-to.pdf figure/9_rec.eps>
(epstopdf)             \includegraphics on input line 253.
Package epstopdf Info: Output file is already uptodate.
<figure/9_rec-eps-converted-to.pdf, id=103, 452.69125pt x 359.3425pt>
File: figure/9_rec-eps-converted-to.pdf Graphic file (type pdf)
<use figure/9_rec-eps-converted-to.pdf>
Package pdftex.def Info: figure/9_rec-eps-converted-to.pdf  used on input line 
253.
(pdftex.def)             Requested size: 188.21288pt x 149.3985pt.

LaTeX Warning: `h' float specifier changed to `ht'.


./hw3ml.tex:256: LaTeX Error: There's no line here to end.

See the LaTeX manual or LaTeX Companion for explanation.
Type  H <return>  for immediate help.
 ...                                              
                                                  
l.256 \begin
            {figure}[h]
? 
Package epstopdf Info: Source file: <figure/10.eps>
(epstopdf)                    date: 2018-10-17 19:30:38
(epstopdf)                    size: 23943 bytes
(epstopdf)             Output file: <figure/10-eps-converted-to.pdf>
(epstopdf)                    date: 2018-10-17 19:32:05
(epstopdf)                    size: 13356 bytes
(epstopdf)             Command: <repstopdf --outfile=figure/10-eps-converted-to
.pdf figure/10.eps>
(epstopdf)             \includegraphics on input line 260.
Package epstopdf Info: Output file is already uptodate.
<figure/10-eps-converted-to.pdf, id=104, 452.69125pt x 359.3425pt>
File: figure/10-eps-converted-to.pdf Graphic file (type pdf)
<use figure/10-eps-converted-to.pdf>
Package pdftex.def Info: figure/10-eps-converted-to.pdf  used on input line 260
.
(pdftex.def)             Requested size: 188.21288pt x 149.3985pt.
Package epstopdf Info: Source file: <figure/10_rec.eps>
(epstopdf)                    date: 2018-10-17 19:30:38
(epstopdf)                    size: 23469 bytes
(epstopdf)             Output file: <figure/10_rec-eps-converted-to.pdf>
(epstopdf)                    date: 2018-10-17 19:32:06
(epstopdf)                    size: 12787 bytes
(epstopdf)             Command: <repstopdf --outfile=figure/10_rec-eps-converte
d-to.pdf figure/10_rec.eps>
(epstopdf)             \includegraphics on input line 263.
Package epstopdf Info: Output file is already uptodate.
<figure/10_rec-eps-converted-to.pdf, id=105, 452.69125pt x 359.3425pt>
File: figure/10_rec-eps-converted-to.pdf Graphic file (type pdf)
<use figure/10_rec-eps-converted-to.pdf>
Package pdftex.def Info: figure/10_rec-eps-converted-to.pdf  used on input line
 263.
(pdftex.def)             Requested size: 188.21288pt x 149.3985pt.

LaTeX Warning: `h' float specifier changed to `ht'.

[7] [8 <./figure/1-eps-converted-to.pdf> <./figure/1_rec-eps-converted-to.pdf> 
<./figure/2-eps-converted-to.pdf> <./figure/2_rec-eps-converted-to.pdf> <./figu
re/3-eps-converted-to.pdf> <./figure/3_rec-eps-converted-to.pdf>] [9 <./figure/
4-eps-converted-to.pdf> <./figure/4_rec-eps-converted-to.pdf> <./figure/5-eps-c
onverted-to.pdf> <./figure/5_rec-eps-converted-to.pdf> <./figure/6-eps-converte
d-to.pdf> <./figure/6_rec-eps-converted-to.pdf>] [10 <./figure/7-eps-converted-
to.pdf> <./figure/7_rec-eps-converted-to.pdf> <./figure/8-eps-converted-to.pdf>
 <./figure/8_rec-eps-converted-to.pdf> <./figure/9-eps-converted-to.pdf> <./fig
ure/9_rec-eps-converted-to.pdf>] [11 <./figure/10-eps-converted-to.pdf> <./figu
re/10_rec-eps-converted-to.pdf>] (./hw3ml.aux) ) 
Here is how much of TeX's memory you used:
 5358 strings out of 492649
 81247 string characters out of 6129622
 162680 words of memory out of 5000000
 9139 multiletter control sequences out of 15000+600000
 13003 words of font info for 50 fonts, out of 8000000 for 9000
 1141 hyphenation exceptions out of 8191
 41i,9n,39p,567b,287s stack positions out of 5000i,500n,10000p,200000b,80000s
</usr/local/texlive/2018/texmf-
dist/fonts/type1/public/amsfonts/cm/cmbx12.pfb></usr/local/texlive/2018/texmf-d
ist/fonts/type1/public/amsfonts/cm/cmex10.pfb></usr/local/texlive/2018/texmf-di
st/fonts/type1/public/amsfonts/cm/cmmi12.pfb></usr/local/texlive/2018/texmf-dis
t/fonts/type1/public/amsfonts/cm/cmmi8.pfb></usr/local/texlive/2018/texmf-dist/
fonts/type1/public/amsfonts/cm/cmr10.pfb></usr/local/texlive/2018/texmf-dist/fo
nts/type1/public/amsfonts/cm/cmr12.pfb></usr/local/texlive/2018/texmf-dist/font
s/type1/public/amsfonts/cm/cmr6.pfb></usr/local/texlive/2018/texmf-dist/fonts/t
ype1/public/amsfonts/cm/cmr8.pfb></usr/local/texlive/2018/texmf-dist/fonts/type
1/public/amsfonts/cm/cmss8.pfb></usr/local/texlive/2018/texmf-dist/fonts/type1/
public/amsfonts/cm/cmsy10.pfb></usr/local/texlive/2018/texmf-dist/fonts/type1/p
ublic/amsfonts/cm/cmsy8.pfb></usr/local/texlive/2018/texmf-dist/fonts/type1/pub
lic/amsfonts/symbols/msbm10.pfb>
Output written on hw3ml.pdf (11 pages, 510030 bytes).
PDF statistics:
 283 PDF objects out of 1000 (max. 8388607)
 178 compressed objects within 2 object streams
 0 named destinations out of 1000 (max. 500000)
 131 words of extra memory for PDF output out of 10000 (max. 10000000)

